<?xml version="1.0" encoding="UTF-8"?>
<coverage generated="1649764621897" clover="3.2.0">
  <project timestamp="1649764621897" name="All files">
    <metrics statements="49" coveredstatements="48" conditionals="4" coveredconditionals="2" methods="12" coveredmethods="11" elements="65" coveredelements="61" complexity="0" loc="49" ncloc="49" packages="6" files="8" classes="8"/>
    <package name="password">
      <metrics statements="10" coveredstatements="10" conditionals="0" coveredconditionals="0" methods="5" coveredmethods="5"/>
      <file name="create-hash-function.ts" path="/Users/portatil/Trabajo/jnt-copy/src/infrastructure/password/create-hash-function.ts">
        <metrics statements="10" coveredstatements="10" conditionals="0" coveredconditionals="0" methods="5" coveredmethods="5"/>
        <line num="2" count="1" type="stmt"/>
        <line num="3" count="1" type="stmt"/>
        <line num="4" count="6" type="stmt"/>
        <line num="6" count="6" type="stmt"/>
        <line num="7" count="2" type="stmt"/>
        <line num="9" count="6" type="stmt"/>
        <line num="12" count="2" type="stmt"/>
        <line num="13" count="2" type="stmt"/>
        <line num="15" count="6" type="stmt"/>
        <line num="21" count="1" type="stmt"/>
      </file>
    </package>
    <package name="persistance">
      <metrics statements="10" coveredstatements="9" conditionals="1" coveredconditionals="0" methods="4" coveredmethods="3"/>
      <file name="postgres.datasources.ts" path="/Users/portatil/Trabajo/jnt-copy/src/infrastructure/persistance/postgres.datasources.ts">
        <metrics statements="10" coveredstatements="9" conditionals="1" coveredconditionals="0" methods="4" coveredmethods="3"/>
        <line num="1" count="1" type="stmt"/>
        <line num="3" count="1" type="stmt"/>
        <line num="4" count="1" type="stmt"/>
        <line num="6" count="1" type="stmt"/>
        <line num="7" count="2" type="stmt"/>
        <line num="21" count="2" type="cond" truecount="0" falsecount="1"/>
        <line num="22" count="1" type="stmt"/>
        <line num="25" count="1" type="stmt"/>
        <line num="28" count="0" type="stmt"/>
        <line num="32" count="2" type="stmt"/>
      </file>
    </package>
    <package name="persistance.user">
      <metrics statements="3" coveredstatements="3" conditionals="0" coveredconditionals="0" methods="0" coveredmethods="0"/>
      <file name="user.model.ts" path="/Users/portatil/Trabajo/jnt-copy/src/infrastructure/persistance/user/user.model.ts">
        <metrics statements="3" coveredstatements="3" conditionals="0" coveredconditionals="0" methods="0" coveredmethods="0"/>
        <line num="1" count="1" type="stmt"/>
        <line num="4" count="1" type="stmt"/>
        <line num="40" count="1" type="stmt"/>
      </file>
    </package>
    <package name="share.validate">
      <metrics statements="17" coveredstatements="17" conditionals="3" coveredconditionals="2" methods="2" coveredmethods="2"/>
      <file name="init-validation.ts" path="/Users/portatil/Trabajo/jnt-copy/src/infrastructure/share/validate/init-validation.ts">
        <metrics statements="9" coveredstatements="9" conditionals="0" coveredconditionals="0" methods="1" coveredmethods="1"/>
        <line num="1" count="1" type="stmt"/>
        <line num="2" count="1" type="stmt"/>
        <line num="4" count="1" type="stmt"/>
        <line num="5" count="14" type="stmt"/>
        <line num="6" count="14" type="stmt"/>
        <line num="7" count="14" type="stmt"/>
        <line num="8" count="14" type="stmt"/>
        <line num="9" count="14" type="stmt"/>
        <line num="11" count="1" type="stmt"/>
      </file>
      <file name="validate.ts" path="/Users/portatil/Trabajo/jnt-copy/src/infrastructure/share/validate/validate.ts">
        <metrics statements="8" coveredstatements="8" conditionals="3" coveredconditionals="2" methods="1" coveredmethods="1"/>
        <line num="2" count="1" type="stmt"/>
        <line num="5" count="1" type="stmt"/>
        <line num="9" count="14" type="stmt"/>
        <line num="10" count="14" type="stmt"/>
        <line num="11" count="14" type="cond" truecount="1" falsecount="0"/>
        <line num="12" count="9" type="cond" truecount="1" falsecount="1"/>
        <line num="15" count="5" type="stmt"/>
        <line num="17" count="1" type="stmt"/>
      </file>
    </package>
    <package name="user.user-validate">
      <metrics statements="7" coveredstatements="7" conditionals="0" coveredconditionals="0" methods="1" coveredmethods="1"/>
      <file name="user-schema.ts" path="/Users/portatil/Trabajo/jnt-copy/src/infrastructure/user/user-validate/user-schema.ts">
        <metrics statements="2" coveredstatements="2" conditionals="0" coveredconditionals="0" methods="0" coveredmethods="0"/>
        <line num="4" count="1" type="stmt"/>
        <line num="42" count="1" type="stmt"/>
      </file>
      <file name="validate-user-data-form.ts" path="/Users/portatil/Trabajo/jnt-copy/src/infrastructure/user/user-validate/validate-user-data-form.ts">
        <metrics statements="5" coveredstatements="5" conditionals="0" coveredconditionals="0" methods="1" coveredmethods="1"/>
        <line num="1" count="1" type="stmt"/>
        <line num="2" count="1" type="stmt"/>
        <line num="6" count="1" type="stmt"/>
        <line num="9" count="14" type="stmt"/>
        <line num="11" count="1" type="stmt"/>
      </file>
    </package>
    <package name="user.user-validate.fixtures">
      <metrics statements="2" coveredstatements="2" conditionals="0" coveredconditionals="0" methods="0" coveredmethods="0"/>
      <file name="validate-register.fixtures.ts" path="/Users/portatil/Trabajo/jnt-copy/src/infrastructure/user/user-validate/fixtures/validate-register.fixtures.ts">
        <metrics statements="2" coveredstatements="2" conditionals="0" coveredconditionals="0" methods="0" coveredmethods="0"/>
        <line num="1" count="1" type="stmt"/>
        <line num="159" count="1" type="stmt"/>
      </file>
    </package>
  </project>
</coverage>
