{"/Users/portatil/Trabajo/jnt-copy/src/infrastructure/password/create-hash-function.ts": {"path":"/Users/portatil/Trabajo/jnt-copy/src/infrastructure/password/create-hash-function.ts","statementMap":{"0":{"start":{"line":2,"column":15},"end":{"line":2,"column":34}},"1":{"start":{"line":3,"column":27},"end":{"line":19,"column":1}},"2":{"start":{"line":4,"column":23},"end":{"line":4,"column":25}},"3":{"start":{"line":6,"column":17},"end":{"line":8,"column":6}},"4":{"start":{"line":6,"column":61},"end":{"line":8,"column":6}},"5":{"start":{"line":7,"column":8},"end":{"line":7,"column":55}},"6":{"start":{"line":9,"column":19},"end":{"line":14,"column":6}},"7":{"start":{"line":12,"column":26},"end":{"line":14,"column":6}},"8":{"start":{"line":13,"column":8},"end":{"line":13,"column":54}},"9":{"start":{"line":15,"column":4},"end":{"line":18,"column":6}},"10":{"start":{"line":21,"column":0},"end":{"line":21,"column":34}}},"fnMap":{"0":{"name":"(anonymous_7)","decl":{"start":{"line":3,"column":27},"end":{"line":3,"column":44}},"loc":{"start":{"line":3,"column":46},"end":{"line":19,"column":1}}},"1":{"name":"(anonymous_8)","decl":{"start":{"line":6,"column":17},"end":{"line":6,"column":24}},"loc":{"start":{"line":6,"column":61},"end":{"line":8,"column":6}}},"2":{"name":"(anonymous_9)","decl":{"start":{"line":6,"column":61},"end":{"line":6,"column":null}},"loc":{"start":{"line":6,"column":61},"end":{"line":8,"column":5}}},"3":{"name":"(anonymous_10)","decl":{"start":{"line":9,"column":19},"end":{"line":9,"column":null}},"loc":{"start":{"line":12,"column":26},"end":{"line":14,"column":6}}},"4":{"name":"(anonymous_11)","decl":{"start":{"line":12,"column":26},"end":{"line":12,"column":null}},"loc":{"start":{"line":12,"column":26},"end":{"line":14,"column":5}}}},"branchMap":{},"s":{"0":1,"1":1,"2":6,"3":6,"4":2,"5":2,"6":6,"7":2,"8":2,"9":6,"10":1},"f":{"0":6,"1":2,"2":2,"3":2,"4":2},"b":{}}
,"/Users/portatil/Trabajo/jnt-copy/src/infrastructure/persistance/postgres.datasources.ts": {"path":"/Users/portatil/Trabajo/jnt-copy/src/infrastructure/persistance/postgres.datasources.ts","statementMap":{"0":{"start":{"line":1,"column":0},"end":{"line":1,"column":26}},"1":{"start":{"line":3,"column":0},"end":{"line":3,"column":37}},"2":{"start":{"line":4,"column":0},"end":{"line":4,"column":42}},"3":{"start":{"line":6,"column":34},"end":{"line":36,"column":1}},"4":{"start":{"line":7,"column":26},"end":{"line":19,"column":6}},"5":{"start":{"line":21,"column":20},"end":{"line":30,"column":5}},"6":{"start":{"line":22,"column":8},"end":{"line":29,"column":15}},"7":{"start":{"line":25,"column":16},"end":{"line":25,"column":65}},"8":{"start":{"line":28,"column":16},"end":{"line":28,"column":80}},"9":{"start":{"line":32,"column":4},"end":{"line":35,"column":6}},"10":{"start":{"line":6,"column":13},"end":{"line":6,"column":34}}},"fnMap":{"0":{"name":"(anonymous_1)","decl":{"start":{"line":6,"column":34},"end":{"line":6,"column":37}},"loc":{"start":{"line":6,"column":39},"end":{"line":36,"column":1}}},"1":{"name":"(anonymous_2)","decl":{"start":{"line":21,"column":20},"end":{"line":21,"column":21}},"loc":{"start":{"line":21,"column":51},"end":{"line":30,"column":5}}},"2":{"name":"(anonymous_3)","decl":{"start":{"line":24,"column":18},"end":{"line":24,"column":21}},"loc":{"start":{"line":24,"column":23},"end":{"line":26,"column":13}}},"3":{"name":"(anonymous_4)","decl":{"start":{"line":27,"column":19},"end":{"line":27,"column":20}},"loc":{"start":{"line":27,"column":34},"end":{"line":29,"column":13}}}},"branchMap":{"0":{"loc":{"start":{"line":21,"column":21},"end":{"line":21,"column":47}},"type":"default-arg","locations":[{"start":{"line":21,"column":34},"end":{"line":21,"column":47}}]}},"s":{"0":1,"1":1,"2":1,"3":1,"4":2,"5":2,"6":1,"7":1,"8":0,"9":2,"10":1},"f":{"0":2,"1":1,"2":1,"3":0},"b":{"0":[0]}}
,"/Users/portatil/Trabajo/jnt-copy/src/infrastructure/persistance/user/user.model.ts": {"path":"/Users/portatil/Trabajo/jnt-copy/src/infrastructure/persistance/user/user.model.ts","statementMap":{"0":{"start":{"line":1,"column":0},"end":{"line":1,"column":39}},"1":{"start":{"line":4,"column":18},"end":{"line":38,"column":2}},"2":{"start":{"line":40,"column":0},"end":{"line":40,"column":25}}},"fnMap":{},"branchMap":{},"s":{"0":1,"1":1,"2":1},"f":{},"b":{}}
,"/Users/portatil/Trabajo/jnt-copy/src/infrastructure/share/validate/init-validation.ts": {"path":"/Users/portatil/Trabajo/jnt-copy/src/infrastructure/share/validate/init-validation.ts","statementMap":{"0":{"start":{"line":1,"column":0},"end":{"line":1,"column":37}},"1":{"start":{"line":2,"column":0},"end":{"line":2,"column":22}},"2":{"start":{"line":4,"column":23},"end":{"line":10,"column":1}},"3":{"start":{"line":5,"column":16},"end":{"line":5,"column":44}},"4":{"start":{"line":6,"column":4},"end":{"line":6,"column":31}},"5":{"start":{"line":7,"column":4},"end":{"line":7,"column":20}},"6":{"start":{"line":8,"column":4},"end":{"line":8,"column":28}},"7":{"start":{"line":9,"column":4},"end":{"line":9,"column":15}},"8":{"start":{"line":11,"column":0},"end":{"line":11,"column":30}}},"fnMap":{"0":{"name":"(anonymous_1)","decl":{"start":{"line":4,"column":23},"end":{"line":4,"column":24}},"loc":{"start":{"line":4,"column":51},"end":{"line":10,"column":1}}}},"branchMap":{},"s":{"0":1,"1":1,"2":1,"3":14,"4":14,"5":14,"6":14,"7":14,"8":1},"f":{"0":14},"b":{}}
,"/Users/portatil/Trabajo/jnt-copy/src/infrastructure/share/validate/validate.ts": {"path":"/Users/portatil/Trabajo/jnt-copy/src/infrastructure/share/validate/validate.ts","statementMap":{"0":{"start":{"line":2,"column":0},"end":{"line":2,"column":47}},"1":{"start":{"line":5,"column":19},"end":{"line":16,"column":1}},"2":{"start":{"line":9,"column":25},"end":{"line":9,"column":47}},"3":{"start":{"line":10,"column":18},"end":{"line":10,"column":53}},"4":{"start":{"line":11,"column":4},"end":{"line":14,"column":38}},"5":{"start":{"line":12,"column":8},"end":{"line":14,"column":38}},"6":{"start":{"line":15,"column":4},"end":{"line":15,"column":17}},"7":{"start":{"line":17,"column":0},"end":{"line":17,"column":26}}},"fnMap":{"0":{"name":"(anonymous_1)","decl":{"start":{"line":5,"column":19},"end":{"line":5,"column":null}},"loc":{"start":{"line":8,"column":24},"end":{"line":16,"column":1}}}},"branchMap":{"0":{"loc":{"start":{"line":11,"column":4},"end":{"line":14,"column":38}},"type":"if","locations":[{"start":{"line":11,"column":4},"end":{"line":14,"column":38}}]},"1":{"loc":{"start":{"line":12,"column":15},"end":{"line":14,"column":37}},"type":"cond-expr","locations":[{"start":{"line":13,"column":14},"end":{"line":13,"column":44}},{"start":{"line":14,"column":14},"end":{"line":14,"column":37}}]}},"s":{"0":1,"1":1,"2":14,"3":14,"4":14,"5":9,"6":5,"7":1},"f":{"0":14},"b":{"0":[9],"1":[9,0]}}
,"/Users/portatil/Trabajo/jnt-copy/src/infrastructure/user/user-validate/user-schema.ts": {"path":"/Users/portatil/Trabajo/jnt-copy/src/infrastructure/user/user-validate/user-schema.ts","statementMap":{"0":{"start":{"line":4,"column":55},"end":{"line":41,"column":2}},"1":{"start":{"line":42,"column":0},"end":{"line":42,"column":26}}},"fnMap":{},"branchMap":{},"s":{"0":1,"1":1},"f":{},"b":{}}
,"/Users/portatil/Trabajo/jnt-copy/src/infrastructure/user/user-validate/validate-user-data-form.ts": {"path":"/Users/portatil/Trabajo/jnt-copy/src/infrastructure/user/user-validate/validate-user-data-form.ts","statementMap":{"0":{"start":{"line":1,"column":0},"end":{"line":1,"column":55}},"1":{"start":{"line":2,"column":0},"end":{"line":2,"column":39}},"2":{"start":{"line":6,"column":29},"end":{"line":9,"column":66}},"3":{"start":{"line":9,"column":4},"end":{"line":9,"column":66}},"4":{"start":{"line":11,"column":0},"end":{"line":11,"column":36}}},"fnMap":{"0":{"name":"(anonymous_1)","decl":{"start":{"line":6,"column":29},"end":{"line":6,"column":null}},"loc":{"start":{"line":9,"column":4},"end":{"line":9,"column":66}}}},"branchMap":{},"s":{"0":1,"1":1,"2":1,"3":14,"4":1},"f":{"0":14},"b":{}}
,"/Users/portatil/Trabajo/jnt-copy/src/infrastructure/user/user-validate/fixtures/validate-register.fixtures.ts": {"path":"/Users/portatil/Trabajo/jnt-copy/src/infrastructure/user/user-validate/fixtures/validate-register.fixtures.ts","statementMap":{"0":{"start":{"line":1,"column":17},"end":{"line":158,"column":2}},"1":{"start":{"line":159,"column":0},"end":{"line":159,"column":24}}},"fnMap":{},"branchMap":{},"s":{"0":1,"1":1},"f":{},"b":{}}
}
