TN:
SF:src/infrastructure/password/create-hash-function.ts
FN:3,(anonymous_7)
FN:6,(anonymous_8)
FN:6,(anonymous_9)
FN:9,(anonymous_10)
FN:12,(anonymous_11)
FNF:5
FNH:5
FNDA:6,(anonymous_7)
FNDA:2,(anonymous_8)
FNDA:2,(anonymous_9)
FNDA:2,(anonymous_10)
FNDA:2,(anonymous_11)
DA:2,1
DA:3,1
DA:4,6
DA:6,6
DA:7,2
DA:9,6
DA:12,2
DA:13,2
DA:15,6
DA:21,1
LF:10
LH:10
BRF:0
BRH:0
end_of_record
TN:
SF:src/infrastructure/persistance/postgres.datasources.ts
FN:6,(anonymous_1)
FN:21,(anonymous_2)
FN:24,(anonymous_3)
FN:27,(anonymous_4)
FNF:4
FNH:3
FNDA:2,(anonymous_1)
FNDA:1,(anonymous_2)
FNDA:1,(anonymous_3)
FNDA:0,(anonymous_4)
DA:1,1
DA:3,1
DA:4,1
DA:6,1
DA:7,2
DA:21,2
DA:22,1
DA:25,1
DA:28,0
DA:32,2
LF:10
LH:9
BRDA:21,0,0,0
BRF:1
BRH:0
end_of_record
TN:
SF:src/infrastructure/persistance/user/user.model.ts
FNF:0
FNH:0
DA:1,1
DA:4,1
DA:40,1
LF:3
LH:3
BRF:0
BRH:0
end_of_record
TN:
SF:src/infrastructure/share/validate/init-validation.ts
FN:4,(anonymous_1)
FNF:1
FNH:1
FNDA:14,(anonymous_1)
DA:1,1
DA:2,1
DA:4,1
DA:5,14
DA:6,14
DA:7,14
DA:8,14
DA:9,14
DA:11,1
LF:9
LH:9
BRF:0
BRH:0
end_of_record
TN:
SF:src/infrastructure/share/validate/validate.ts
FN:5,(anonymous_1)
FNF:1
FNH:1
FNDA:14,(anonymous_1)
DA:2,1
DA:5,1
DA:9,14
DA:10,14
DA:11,14
DA:12,9
DA:15,5
DA:17,1
LF:8
LH:8
BRDA:11,0,0,9
BRDA:12,1,0,9
BRDA:12,1,1,0
BRF:3
BRH:2
end_of_record
TN:
SF:src/infrastructure/user/user-validate/user-schema.ts
FNF:0
FNH:0
DA:4,1
DA:42,1
LF:2
LH:2
BRF:0
BRH:0
end_of_record
TN:
SF:src/infrastructure/user/user-validate/validate-user-data-form.ts
FN:6,(anonymous_1)
FNF:1
FNH:1
FNDA:14,(anonymous_1)
DA:1,1
DA:2,1
DA:6,1
DA:9,14
DA:11,1
LF:5
LH:5
BRF:0
BRH:0
end_of_record
TN:
SF:src/infrastructure/user/user-validate/fixtures/validate-register.fixtures.ts
FNF:0
FNH:0
DA:1,1
DA:159,1
LF:2
LH:2
BRF:0
BRH:0
end_of_record
